<?xml version="1.0" encoding="UTF-8"?>
<robot generator="Robot 3.2.2 (Python 3.8.2 on win32)" generated="20201204 22:21:51.477" rpa="false">
<suite id="s1" name="helloWorld" source="C:\Users\Maciej\Documents\github\RobotFR\helloWorld\helloWorld.robot">
<test id="s1-t1" name="My First Robot Test">
<kw name="Log To Console" library="BuiltIn">
<doc>Logs the given message to the console.</doc>
<arguments>
<arg>Hello Robot World!</arg>
</arguments>
<status status="PASS" starttime="20201204 22:21:51.505" endtime="20201204 22:21:51.506"></status>
</kw>
<status status="PASS" starttime="20201204 22:21:51.504" endtime="20201204 22:21:51.506" critical="yes"></status>
</test>
<status status="PASS" starttime="20201204 22:21:51.479" endtime="20201204 22:21:51.515"></status>
</suite>
<statistics>
<total>
<stat pass="1" fail="0">Critical Tests</stat>
<stat pass="1" fail="0">All Tests</stat>
</total>
<tag>
</tag>
<suite>
<stat pass="1" fail="0" id="s1" name="helloWorld">helloWorld</stat>
</suite>
</statistics>
<errors>
</errors>
</robot>
